[2025-11-30 03:46:13] [INFO] Módulo Utils carregado com sucesso.
[2025-11-30 03:51:44] [INFO] Módulo Utils carregado com sucesso.
[2025-11-30 03:52:23] [INFO] Módulo Utils carregado com sucesso.
[2025-12-01 00:21:43] [INFO] Módulo Utils carregado com sucesso.
[2025-12-01 00:22:04] [INFO] Módulo Utils carregado com sucesso.
[2025-12-01 00:26:05] [INFO] Módulo Utils carregado com sucesso.
[2025-12-01 00:26:44] [INFO] Módulo Utils carregado com sucesso.
[2025-12-01 00:28:21] [INFO] Módulo Utils carregado com sucesso.
[2025-12-01 00:30:14] [INFO] Módulo Utils carregado com sucesso.
[2025-12-01 00:39:11] [INFO] Módulo Utils carregado com sucesso.
[2025-12-01 00:39:11] [INFO] Download de imagem bem-sucedido: https://encrypted-tbn0.gstatic.com/images?q=tbn:ANd9GcQfazHiEPWCypF510dYsaCCx7pa8_HJfozA0nz5UzNhZWTaU8dXqI_lSCdOT9w_g5MDsSA&usqp=CAU -> template/whatsapp/images/4cd4bb46-ce67-11f0-bdbf-5cc9d3d26eae.jpg
[2025-12-01 00:39:51] [INFO] Módulo Utils carregado com sucesso.
[2025-12-01 00:39:51] [INFO] Download de imagem bem-sucedido: https://encrypted-tbn0.gstatic.com/images?q=tbn:ANd9GcQfazHiEPWCypF510dYsaCCx7pa8_HJfozA0nz5UzNhZWTaU8dXqI_lSCdOT9w_g5MDsSA&usqp=CAU -> template/telegram/images/64dbaf60-ce67-11f0-9ae3-5cc9d3d26eae.jpg
[2025-12-01 00:40:33] [INFO] Módulo Utils carregado com sucesso.
[2025-12-01 00:40:34] [INFO] Download de imagem bem-sucedido: https://www.allflex.global/br/wp-content/uploads/sites/11/2023/10/tip-tag.png?resize=1024,593 -> template/telegram/images/7e70019c-ce67-11f0-8c61-5cc9d3d26eae.jpg
[2025-12-01 00:40:48] [INFO] Módulo Utils carregado com sucesso.
[2025-12-01 00:40:49] [INFO] Download de imagem bem-sucedido: https://www.allflex.global/br/wp-content/uploads/sites/11/2023/10/tip-tag.png?resize=1024,593 -> template/telegram/images/86ff3d50-ce67-11f0-b752-5cc9d3d26eae.jpg
[2025-12-01 00:49:36] [INFO] Módulo Utils carregado com sucesso.
[2025-12-01 00:49:37] [INFO] Download de imagem bem-sucedido: https://encrypted-tbn0.gstatic.com/images?q=tbn:ANd9GcQfazHiEPWCypF510dYsaCCx7pa8_HJfozA0nz5UzNhZWTaU8dXqI_lSCdOT9w_g5MDsSA&usqp=CAU -> template/telegram/images/c1bc84c4-ce68-11f0-aeba-5cc9d3d26eae.jpg
[2025-12-01 00:50:13] [INFO] Módulo Utils carregado com sucesso.
[2025-12-01 00:50:13] [INFO] Download de imagem bem-sucedido: https://encrypted-tbn0.gstatic.com/images?q=tbn:ANd9GcQfazHiEPWCypF510dYsaCCx7pa8_HJfozA0nz5UzNhZWTaU8dXqI_lSCdOT9w_g5MDsSA&usqp=CAU -> template/whatsapp/images/d76596c6-ce68-11f0-b5a8-5cc9d3d26eae.jpg
[2025-12-01 00:50:41] [INFO] Módulo Utils carregado com sucesso.
[2025-12-01 00:50:41] [INFO] Download de imagem bem-sucedido: https://encrypted-tbn0.gstatic.com/images?q=tbn:ANd9GcQfazHiEPWCypF510dYsaCCx7pa8_HJfozA0nz5UzNhZWTaU8dXqI_lSCdOT9w_g5MDsSA&usqp=CAU -> template/telegram/images/e8473454-ce68-11f0-a72a-5cc9d3d26eae.jpg
[2025-12-01 00:53:20] [INFO] Módulo Utils carregado com sucesso.
[2025-12-01 00:53:20] [INFO] Download de imagem bem-sucedido: https://www.allflex.global/br/wp-content/uploads/sites/11/2023/10/tip-tag.png?resize=1024,593 -> template/whatsapp/images/470a4ae4-ce69-11f0-b0ec-5cc9d3d26eae.jpg
[2025-12-01 01:06:51] [INFO] Módulo Utils carregado com sucesso.
[2025-12-01 01:08:18] [INFO] Módulo Utils carregado com sucesso.
[2025-12-01 01:08:58] [INFO] Módulo Utils carregado com sucesso.
[2025-12-01 01:09:21] [INFO] Módulo Utils carregado com sucesso.
[2025-12-01 01:09:39] [INFO] Módulo Utils carregado com sucesso.
[2025-12-01 01:10:41] [INFO] Módulo Utils carregado com sucesso.
[2025-12-01 01:12:01] [INFO] Módulo Utils carregado com sucesso.
[2025-12-01 01:12:59] [INFO] Módulo Utils carregado com sucesso.
[2025-12-01 01:17:41] [INFO] Módulo Utils carregado com sucesso.
[2025-12-01 01:17:41] [INFO] Download de imagem bem-sucedido: https://encrypted-tbn0.gstatic.com/images?q=tbn:ANd9GcQfazHiEPWCypF510dYsaCCx7pa8_HJfozA0nz5UzNhZWTaU8dXqI_lSCdOT9w_g5MDsSA&usqp=CAU -> template/whatsapp/images/adc531ba-ce6c-11f0-8d8e-5cc9d3d26eae.jpg
[2025-12-01 01:18:23] [INFO] Módulo Utils carregado com sucesso.
[2025-12-01 01:18:23] [INFO] Download de imagem bem-sucedido: https://encrypted-tbn0.gstatic.com/images?q=tbn:ANd9GcQfazHiEPWCypF510dYsaCCx7pa8_HJfozA0nz5UzNhZWTaU8dXqI_lSCdOT9w_g5MDsSA&usqp=CAU -> template/telegram/images/c707febe-ce6c-11f0-9417-5cc9d3d26eae.jpg
[2025-12-01 01:18:38] [INFO] Módulo Utils carregado com sucesso.
[2025-12-01 01:19:34] [INFO] Módulo Utils carregado com sucesso.
[2025-12-01 01:19:34] [INFO] Download de imagem bem-sucedido: https://encrypted-tbn0.gstatic.com/images?q=tbn:ANd9GcQfazHiEPWCypF510dYsaCCx7pa8_HJfozA0nz5UzNhZWTaU8dXqI_lSCdOT9w_g5MDsSA&usqp=CAU -> template/nearyou/images/f11b094e-ce6c-11f0-9547-5cc9d3d26eae.jpg
[2025-12-02 00:04:00] [INFO] Módulo Utils carregado com sucesso.
[2025-12-02 00:04:01] [INFO] Download de imagem bem-sucedido: https://s2-g1.glbimg.com/4UA3tCodQ4rOWumvwA_8WYDlz1k=/0x0:1024x768/984x0/smart/filters:strip_icc()/i.s3.glbimg.com/v1/AUTH_59edd422c0c84a879bd37670ae4f538a/internal_photos/bs/2022/g/c/3334yqS3KZevA5QmUuKA/6fb29787-da1e-4b98-958e-9c17c1e1776e.jpg -> template/whatsapp/images/8d52f20e-cf2b-11f0-8109-5cc9d3d26eae.jpg
[2025-12-02 00:05:11] [INFO] Módulo Utils carregado com sucesso.
[2025-12-02 00:05:11] [INFO] Download de imagem bem-sucedido: https://encrypted-tbn0.gstatic.com/images?q=tbn:ANd9GcQfazHiEPWCypF510dYsaCCx7pa8_HJfozA0nz5UzNhZWTaU8dXqI_lSCdOT9w_g5MDsSA&usqp=CAU -> template/whatsapp/images/b77a9a32-cf2b-11f0-ad83-5cc9d3d26eae.jpg
[2025-12-02 00:05:34] [INFO] Módulo Utils carregado com sucesso.
[2025-12-02 00:05:34] [INFO] Download de imagem bem-sucedido: https://encrypted-tbn0.gstatic.com/images?q=tbn:ANd9GcQfazHiEPWCypF510dYsaCCx7pa8_HJfozA0nz5UzNhZWTaU8dXqI_lSCdOT9w_g5MDsSA&usqp=CAU -> template/whatsapp/images/c517a522-cf2b-11f0-ae74-5cc9d3d26eae.jpg
[2025-12-02 00:06:28] [INFO] Módulo Utils carregado com sucesso.
[2025-12-02 00:06:28] [INFO] Download de imagem bem-sucedido: https://encrypted-tbn0.gstatic.com/images?q=tbn:ANd9GcQfazHiEPWCypF510dYsaCCx7pa8_HJfozA0nz5UzNhZWTaU8dXqI_lSCdOT9w_g5MDsSA&usqp=CAU -> template/whatsapp/images/e57a4c34-cf2b-11f0-988a-5cc9d3d26eae.jpg
[2025-12-02 00:10:13] [INFO] Módulo Utils carregado com sucesso.
[2025-12-02 00:10:13] [INFO] Download de imagem bem-sucedido: https://encrypted-tbn0.gstatic.com/images?q=tbn:ANd9GcQfazHiEPWCypF510dYsaCCx7pa8_HJfozA0nz5UzNhZWTaU8dXqI_lSCdOT9w_g5MDsSA&usqp=CAU -> template/whatsapp/images/6b4a0502-cf2c-11f0-894c-5cc9d3d26eae.jpg
[2025-12-02 00:11:13] [INFO] Módulo Utils carregado com sucesso.
[2025-12-02 00:11:13] [INFO] Download de imagem bem-sucedido: https://encrypted-tbn0.gstatic.com/images?q=tbn:ANd9GcQfazHiEPWCypF510dYsaCCx7pa8_HJfozA0nz5UzNhZWTaU8dXqI_lSCdOT9w_g5MDsSA&usqp=CAU -> template/whatsapp/images/8f3125fe-cf2c-11f0-96a4-5cc9d3d26eae.jpg
[2025-12-02 00:11:22] [INFO] Módulo Utils carregado com sucesso.
[2025-12-02 00:11:23] [INFO] Download de imagem bem-sucedido: https://macmagazine.com.br/wp-content/uploads/2022/03/16-whatsapp-scaled.jpg -> template/whatsapp/images/94de6ee4-cf2c-11f0-a8ba-5cc9d3d26eae.jpg
[2025-12-02 00:14:20] [INFO] Módulo Utils carregado com sucesso.
[2025-12-02 00:14:20] [INFO] Download de imagem bem-sucedido: https://macmagazine.com.br/wp-content/uploads/2022/03/16-whatsapp-scaled.jpg -> template/whatsapp/images/feacd644-cf2c-11f0-b211-5cc9d3d26eae.jpg
[2025-12-02 00:14:34] [INFO] Módulo Utils carregado com sucesso.
[2025-12-02 00:14:34] [INFO] Download de imagem bem-sucedido: https://www.allflex.global/br/wp-content/uploads/sites/11/2023/10/tip-tag.png?resize=1024,593 -> template/whatsapp/images/070fe006-cf2d-11f0-9b84-5cc9d3d26eae.jpg
[2025-12-02 00:44:54] [INFO] Módulo Utils carregado com sucesso.
[2025-12-02 00:44:54] [INFO] Download de imagem bem-sucedido: https://encrypted-tbn0.gstatic.com/images?q=tbn:ANd9GcQfazHiEPWCypF510dYsaCCx7pa8_HJfozA0nz5UzNhZWTaU8dXqI_lSCdOT9w_g5MDsSA&usqp=CAU -> template/whatsapp/images/43941502-cf31-11f0-9153-5cc9d3d26eae.jpg
[2025-12-02 00:46:19] [INFO] Módulo Utils carregado com sucesso.
[2025-12-02 00:48:26] [INFO] Módulo Utils carregado com sucesso.
[2025-12-02 00:48:26] [INFO] Download de imagem bem-sucedido: https://encrypted-tbn0.gstatic.com/images?q=tbn:ANd9GcSGTQfFRuDrq9_oWEYFexhpfwWx9kW11qCDJg&s -> template/telegram/images/c21346dc-cf31-11f0-95cb-5cc9d3d26eae.jpg
[2025-12-02 00:59:54] [INFO] Módulo Utils carregado com sucesso.
[2025-12-02 00:59:54] [INFO] Download de imagem bem-sucedido: https://encrypted-tbn0.gstatic.com/images?q=tbn:ANd9GcSDNpNtFTa9b-caL53Kh_c2r1sNnkzq1htVvQ&s -> template/whatsapp/images/5c39bdda-cf33-11f0-b2ec-5cc9d3d26eae.jpg
[2025-12-02 01:00:49] [INFO] Módulo Utils carregado com sucesso.
[2025-12-02 01:00:49] [INFO] Download de imagem bem-sucedido: https://encrypted-tbn0.gstatic.com/images?q=tbn:ANd9GcSDNpNtFTa9b-caL53Kh_c2r1sNnkzq1htVvQ&s -> template/telegram/images/7cde82d2-cf33-11f0-92d5-5cc9d3d26eae.jpg
[2025-12-02 01:05:13] [INFO] Módulo Utils carregado com sucesso.
[2025-12-02 01:05:13] [INFO] Download de imagem bem-sucedido: https://encrypted-tbn0.gstatic.com/images?q=tbn:ANd9GcSDNpNtFTa9b-caL53Kh_c2r1sNnkzq1htVvQ&s -> template/telegram/images/1a8cdb8c-cf34-11f0-8722-5cc9d3d26eae.jpg
[2025-12-02 01:07:44] [INFO] Módulo Utils carregado com sucesso.
[2025-12-02 01:07:44] [INFO] Download de imagem bem-sucedido: https://encrypted-tbn0.gstatic.com/images?q=tbn:ANd9GcSDNpNtFTa9b-caL53Kh_c2r1sNnkzq1htVvQ&s -> template/whatsapp/images/74641f94-cf34-11f0-b7b7-5cc9d3d26eae.jpg
[2025-12-02 01:08:05] [INFO] Módulo Utils carregado com sucesso.
[2025-12-02 01:08:05] [INFO] Download de imagem bem-sucedido: https://encrypted-tbn0.gstatic.com/images?q=tbn:ANd9GcQfazHiEPWCypF510dYsaCCx7pa8_HJfozA0nz5UzNhZWTaU8dXqI_lSCdOT9w_g5MDsSA&usqp=CAU -> template/whatsapp/images/80f94d7e-cf34-11f0-83c1-5cc9d3d26eae.jpg
[2025-12-02 01:15:34] [INFO] Módulo Utils carregado com sucesso.
[2025-12-02 01:15:34] [INFO] Download de imagem bem-sucedido: https://encrypted-tbn0.gstatic.com/images?q=tbn:ANd9GcQfazHiEPWCypF510dYsaCCx7pa8_HJfozA0nz5UzNhZWTaU8dXqI_lSCdOT9w_g5MDsSA&usqp=CAU -> template/whatsapp/images/8c6a92ca-cf35-11f0-8673-5cc9d3d26eae.jpg
[2025-12-02 01:16:41] [INFO] Módulo Utils carregado com sucesso.
[2025-12-02 01:16:42] [INFO] Download de imagem bem-sucedido: https://encrypted-tbn0.gstatic.com/images?q=tbn:ANd9GcSDNpNtFTa9b-caL53Kh_c2r1sNnkzq1htVvQ&s -> template/whatsapp/images/b4c1a240-cf35-11f0-bcb2-5cc9d3d26eae.jpg
[2025-12-02 01:40:26] [INFO] Módulo Utils carregado com sucesso.
[2025-12-02 02:33:44] [INFO] Módulo Utils carregado com sucesso.
[2025-12-02 02:33:44] [INFO] Download de imagem bem-sucedido: https://i.ytimg.com/vi/aNZR04sUJAM/hqdefault.jpg?sqp=-oaymwEmCKgBEF5IWvKriqkDGQgBFQAAiEIYAdgBAeIBCggYEAIYBjgBQAE=&rs=AOn4CLA22qDzjxxJyJwNu99Tka8zKs7X0w -> template/gdrive/images/78049488-cf40-11f0-847f-5cc9d3d26eae.jpg
[2025-12-02 02:33:58] [INFO] Módulo Utils carregado com sucesso.
[2025-12-02 02:33:58] [INFO] Download de imagem bem-sucedido: https://i.ytimg.com/vi/aNZR04sUJAM/hqdefault.jpg?sqp=-oaymwEmCKgBEF5IWvKriqkDGQgBFQAAiEIYAdgBAeIBCggYEAIYBjgBQAE=&rs=AOn4CLA22qDzjxxJyJwNu99Tka8zKs7X0w -> template/telegram/images/807aeae0-cf40-11f0-95b4-5cc9d3d26eae.jpg
[2025-12-02 02:34:14] [INFO] Módulo Utils carregado com sucesso.
[2025-12-02 02:34:14] [INFO] Download de imagem bem-sucedido: https://i.ytimg.com/vi/aNZR04sUJAM/hqdefault.jpg?sqp=-oaymwEmCKgBEF5IWvKriqkDGQgBFQAAiEIYAdgBAeIBCggYEAIYBjgBQAE=&rs=AOn4CLA22qDzjxxJyJwNu99Tka8zKs7X0w -> template/gdrive/images/89e1d5ee-cf40-11f0-9b16-5cc9d3d26eae.jpg
[2025-12-02 07:35:29] [INFO] Módulo Utils carregado com sucesso.
[2025-12-02 19:48:56] [INFO] Módulo Utils carregado com sucesso.
[2025-12-02 19:48:56] [INFO] Download de imagem bem-sucedido: https://cdn.prod.website-files.com/627bd0a27262423d70ecbe31/68f14953212d6ef088e953f4_62ea9daad352af6aa11e4820_Perfil%2520profissional%2520como%2520escolher%2520o%2520curso%2520certo%2520em%25205%2520passos.jpeg -> template/whatsapp/images/15b8d92e-cfd1-11f0-8e6c-5cc9d3d26eae.jpg
[2025-12-02 19:49:20] [INFO] Módulo Utils carregado com sucesso.
[2025-12-02 19:49:20] [INFO] Download de imagem bem-sucedido: https://cdn.prod.website-files.com/627bd0a27262423d70ecbe31/68f14953212d6ef088e953f4_62ea9daad352af6aa11e4820_Perfil%2520profissional%2520como%2520escolher%2520o%2520curso%2520certo%2520em%25205%2520passos.jpeg -> template/whatsapp/images/24061c08-cfd1-11f0-9d8a-5cc9d3d26eae.jpg
[2025-12-02 19:56:28] [INFO] Módulo Utils carregado com sucesso.
[2025-12-02 19:56:28] [INFO] Download de imagem bem-sucedido: https://img.freepik.com/vetores-gratis/pilha-de-design-plano-desenhado-a-mao-de-ilustracao-de-livros_23-2149341898.jpg?semt=ais_hybrid&w=740&q=80 -> template/whatsapp/images/22f1bf2e-cfd2-11f0-a2ca-5cc9d3d26eae.jpg
